<?xml version="1.0" encoding="UTF-8"?>
<!-- Generated by org.testng.reporters.JUnitReportReporter -->
<testsuite hostname="KISHORE-O98T" failures="0" tests="1" name="CaseStudy3_1.ContactpageTest" time="12.488" errors="0" timestamp="2023-08-19T15:17:31 IST" skipped="0">
  <testcase classname="CaseStudy3_1.ContactpageTest" name="testFormSubmission" time="12.488"/>
  <system-out/>
</testsuite> <!-- CaseStudy3_1.ContactpageTest -->
